c:\users\hwshin\desktop\bithigh\practice1\practice1\x64\debug\vc143.pdb
c:\users\hwshin\desktop\bithigh\practice1\practice1\x64\debug\vc143.idb
c:\users\hwshin\desktop\bithigh\practice1\practice1\x64\debug\start.obj
c:\users\hwshin\desktop\bithigh\practice1\practice1\x64\debug\shape.obj
c:\users\hwshin\desktop\bithigh\practice1\practice1\x64\debug\handler.obj
c:\users\hwshin\desktop\bithigh\practice1\practice1\x64\debug\control.obj
c:\users\hwshin\desktop\bithigh\practice1\x64\debug\practice1.exe
c:\users\hwshin\desktop\bithigh\practice1\x64\debug\practice1.pdb
c:\users\hwshin\desktop\bithigh\practice1\practice1\x64\debug\practice1.res
c:\users\hwshin\desktop\bithigh\practice1\practice1\x64\debug\practice1.ilk
c:\users\hwshin\desktop\bithigh\practice1\practice1\x64\debug\practice1.tlog\cl.command.1.tlog
c:\users\hwshin\desktop\bithigh\practice1\practice1\x64\debug\practice1.tlog\cl.items.tlog
c:\users\hwshin\desktop\bithigh\practice1\practice1\x64\debug\practice1.tlog\cl.read.1.tlog
c:\users\hwshin\desktop\bithigh\practice1\practice1\x64\debug\practice1.tlog\cl.write.1.tlog
c:\users\hwshin\desktop\bithigh\practice1\practice1\x64\debug\practice1.tlog\link.command.1.tlog
c:\users\hwshin\desktop\bithigh\practice1\practice1\x64\debug\practice1.tlog\link.read.1.tlog
c:\users\hwshin\desktop\bithigh\practice1\practice1\x64\debug\practice1.tlog\link.secondary.1.tlog
c:\users\hwshin\desktop\bithigh\practice1\practice1\x64\debug\practice1.tlog\link.write.1.tlog
c:\users\hwshin\desktop\bithigh\practice1\practice1\x64\debug\practice1.tlog\rc.command.1.tlog
c:\users\hwshin\desktop\bithigh\practice1\practice1\x64\debug\practice1.tlog\rc.read.1.tlog
c:\users\hwshin\desktop\bithigh\practice1\practice1\x64\debug\practice1.tlog\rc.write.1.tlog
